[NX Daemon Server] - 2023-12-21T13:04:21.035Z - Started listening on: \\.\pipe\nx\C:\Users\rober\AppData\Local\Temp\c3a41c9f0cb5526c6372\d.sock
[NX Daemon Server] - 2023-12-21T13:04:21.040Z - [WATCHER]: Subscribed to changes within: C:\Users\rober\OneDrive\Documenten\Programeer projecten\Effective-Angular\business-tools-monorepo (native)
[NX Daemon Server] - 2023-12-21T13:04:21.049Z - Established a connection. Number of open connections: 1
[NX Daemon Server] - 2023-12-21T13:04:21.053Z - Established a connection. Number of open connections: 2
[NX Daemon Server] - 2023-12-21T13:04:21.056Z - [REQUEST]: Client Request for Project Graph Received
[NX Daemon Server] - 2023-12-21T13:04:21.205Z - [REQUEST]: Updated file-hasher based on watched changes, recomputing project graph...
[NX Daemon Server] - 2023-12-21T13:04:21.206Z - [REQUEST]: 
[NX Daemon Server] - 2023-12-21T13:04:21.206Z - [REQUEST]: 
[NX Daemon Server] - 2023-12-21T13:04:21.373Z - [REQUEST]: Responding to the client. project-graph
[NX Daemon Server] - 2023-12-21T13:04:21.377Z - Time taken for 'total for creating and serializing project graph' 317.0789999961853ms
[NX Daemon Server] - 2023-12-21T13:04:21.377Z - Closed a connection. Number of open connections: 1
[NX Daemon Server] - 2023-12-21T13:04:21.377Z - Done responding to the client project-graph
[NX Daemon Server] - 2023-12-21T13:04:21.377Z - Handled REQUEST_PROJECT_GRAPH. Handling time: 317. Response time: 4.
[NX Daemon Server] - 2023-12-21T13:04:21.902Z - Closed a connection. Number of open connections: 0
[NX Daemon Server] - 2023-12-21T13:04:47.165Z - Established a connection. Number of open connections: 1
[NX Daemon Server] - 2023-12-21T13:04:47.165Z - Closed a connection. Number of open connections: 0
[NX Daemon Server] - 2023-12-21T13:04:47.166Z - Established a connection. Number of open connections: 1
[NX Daemon Server] - 2023-12-21T13:04:47.170Z - [REQUEST]: Client Request for Project Graph Received
[NX Daemon Server] - 2023-12-21T13:04:47.170Z - [REQUEST]: Responding to the client. project-graph
[NX Daemon Server] - 2023-12-21T13:04:47.172Z - Time taken for 'total for creating and serializing project graph' 0.39660000801086426ms
[NX Daemon Server] - 2023-12-21T13:04:47.172Z - Done responding to the client project-graph
[NX Daemon Server] - 2023-12-21T13:04:47.172Z - Handled REQUEST_PROJECT_GRAPH. Handling time: 0. Response time: 2.
[NX Daemon Server] - 2023-12-21T13:04:47.992Z - Closed a connection. Number of open connections: 0
[NX Daemon Server] - 2023-12-21T13:04:55.488Z - Established a connection. Number of open connections: 1
[NX Daemon Server] - 2023-12-21T13:04:55.489Z - Closed a connection. Number of open connections: 0
[NX Daemon Server] - 2023-12-21T13:04:55.490Z - Established a connection. Number of open connections: 1
[NX Daemon Server] - 2023-12-21T13:04:55.493Z - [REQUEST]: Client Request for Project Graph Received
[NX Daemon Server] - 2023-12-21T13:04:55.493Z - [REQUEST]: Responding to the client. project-graph
[NX Daemon Server] - 2023-12-21T13:04:55.495Z - Time taken for 'total for creating and serializing project graph' 0.38670000433921814ms
[NX Daemon Server] - 2023-12-21T13:04:55.495Z - Done responding to the client project-graph
[NX Daemon Server] - 2023-12-21T13:04:55.495Z - Handled REQUEST_PROJECT_GRAPH. Handling time: 0. Response time: 2.
[NX Daemon Server] - 2023-12-21T13:04:56.269Z - Closed a connection. Number of open connections: 0
[NX Daemon Server] - 2023-12-21T13:05:17.417Z - Established a connection. Number of open connections: 1
[NX Daemon Server] - 2023-12-21T13:05:17.418Z - Closed a connection. Number of open connections: 0
[NX Daemon Server] - 2023-12-21T13:05:17.419Z - Established a connection. Number of open connections: 1
[NX Daemon Server] - 2023-12-21T13:05:17.422Z - [REQUEST]: Client Request for Project Graph Received
[NX Daemon Server] - 2023-12-21T13:05:17.422Z - [REQUEST]: Responding to the client. project-graph
[NX Daemon Server] - 2023-12-21T13:05:17.424Z - Time taken for 'total for creating and serializing project graph' 0.40309999883174896ms
[NX Daemon Server] - 2023-12-21T13:05:17.424Z - Done responding to the client project-graph
[NX Daemon Server] - 2023-12-21T13:05:17.425Z - Handled REQUEST_PROJECT_GRAPH. Handling time: 0. Response time: 3.
